Package: FlexibleSUSY
Version: 1.0.1
Date:    Fri, 13 Jun 2014 15:54:25 +0930

# Platform information

hostname = coepp14.physics.adelaide.edu.au
uname -m = x86_64
uname -r = 3.12.9-201.fc19.x86_64
uname -s = Linux
uname -v = #1 SMP Wed Jan 29 15:44:35 UTC 2014
Machine word size: 64

PATH: /usr/lib64/ccache
PATH: /usr/local/bin
PATH: /usr/bin
PATH: /usr/local/sbin
PATH: /usr/sbin
PATH: /home/pathron/.local/bin
PATH: /home/pathron/bin

Checking for RGE solver algorithms ... 
   Result: ok (two_scale)
   Algorithms: two_scale
Checking for C++ compiler g++ ... 
   Result: found /usr/lib64/ccache/g++
Checking for type of C++ compiler g++ ... 
   Result: GNU
C++ compiler type: gnu
Checking for g++ compiler version >= 4.4.7 ... 
   Result: ok (version 4.8.2)
   Required g++ version: 4.4.7
   g++ version found: 4.8.2
Checking for C++ file dependency generator g++ ... 
   Result: found /usr/lib64/ccache/g++
Checking for type of C++ file dependency generator g++ ... 
   Result: GNU
C++ dependency generator type: gnu
Checking for g++ dependency generator version ... 
   Result: 4.8.2
   g++ dependency generator version found: 4.8.2
Checking for Fortran compiler gfortran ... 
   Result: found /usr/bin/gfortran
Note: Adding -frecursive to FFLAGS for thread safety.
Checking for Fortran file dependency generator gfortran ... 
   Result: found /usr/bin/gfortran
Checking for boost/version.hpp ... 
   Result: found in /home/software/boostbuild/include
Checking for boost version >= 1.49.0 ... 
===================================
Trying to compile test program
   Status: compilation successful.
Running executable: /home/pathron/Papers/higgs-decays-NE6SSM/NE6SSMSpecGen/conftest.x
The executable returned exit code: 0
The executable produced output:
1.55.0
===================================

   Result: ok (version 1.55.0)
   Required boost version: 1.49.0
   Boost version found: 1.55.0
Checking for boost/test/unit_test.hpp ... 
   Result: found in /home/software/boostbuild/include
Checking for libboost_unit_test_framework ... 
   Result: found in /home/software/boostbuild/lib
Checking for Eigen/Core ... 
   Result: found in /home/software/sharedincludes/eigen3
Checking for libgfortran ... 
   Result: found in /usr/lib/gcc/x86_64-redhat-linux/4.8.2/
Checking for GSL configuration gsl-config ... 
   Result: found /usr/bin/gsl-config
pkg-config does not manage lapack
Checking for liblapack ... 
   Result: found in /home/software/sharedlibs
 Checking in /home/software/sharedlibs
  /home/software/sharedlibs/liblapack.so readable
Checking for dgbsv_ in /home/software/sharedlibs/liblapack.so ... symbol found
   Result: ok
Checking for build library command ar cru ... 
   Result: found /usr/bin/ar
Checking for random number generator ... 
===================================
Trying to compile test program with
   Header: #include <random>
   Statement: std::minstd_rand generator; std::uniform_real_distribution<double> distribution(0., 1.);

Trying to compile test program
   Status: compilation successful.
Running executable: /home/pathron/Papers/higgs-decays-NE6SSM/NE6SSMSpecGen/conftest.x
The executable returned exit code: 0
The executable produced no output.
===================================

   Result: ok
Enabling random number generator: #define ENABLE_RANDOM 1
Checking for std::thread ... 
===================================
Trying to compile test program with
   Header: #include <thread>
#include <mutex>
   Statement: std::mutex mtx; std::thread thr;

Trying to compile test program
   Status: compilation successful.
Running executable: /home/pathron/Papers/higgs-decays-NE6SSM/NE6SSMSpecGen/conftest.x
The executable returned exit code: 0
The executable produced no output.
===================================

   Result: ok
Checking for libpthread ... 
   Result: found in /usr/lib64
Checking for models ... 
Note: No start script not found in /home/pathron/Papers/higgs-decays-NE6SSM/NE6SSMSpecGen/models/NE6SSM

Note: No FlexibleSUSY model file found in /home/pathron/Papers/higgs-decays-NE6SSM/NE6SSMSpecGen/models/NE6SSM

   Result: ok (/home/pathron/Papers/higgs-decays-NE6SSM/NE6SSMSpecGen/NE6SSM)
   Models: /home/pathron/Papers/higgs-decays-NE6SSM/NE6SSMSpecGen/models/NE6SSM
Disabling colored output
   #undef ENABLE_COLOR
Disabling debug mode
   #undef ENABLE_DEBUG
Disabling usage of fflite
   #undef ENABLE_FFLITE
Disabling usage of LoopTools
   #undef ENABLE_LOOPTOOLS
Disabling silent mode
   #undef ENABLE_SILENT
Enabling multi-threading
   #define ENABLE_THREADS 1
Executing clean-up actions:
rm -f "/home/pathron/Papers/higgs-decays-NE6SSM/NE6SSMSpecGen/conftest.x" "/home/pathron/Papers/higgs-decays-NE6SSM/NE6SSMSpecGen/conftest.cpp" "/home/pathron/Papers/higgs-decays-NE6SSM/NE6SSMSpecGen/conftest.log"
