\BOOKMARK [1][-]{section.1}{Superfields}{}% 1
\BOOKMARK [2][-]{subsection.1.1}{Vector Superfields}{section.1}% 2
\BOOKMARK [2][-]{subsection.1.2}{Chiral Superfields}{section.1}% 3
\BOOKMARK [1][-]{section.2}{Superpotential and Lagrangian}{}% 4
\BOOKMARK [2][-]{subsection.2.1}{Superpotential}{section.2}% 5
\BOOKMARK [2][-]{subsection.2.2}{Softbreaking terms}{section.2}% 6
\BOOKMARK [2][-]{subsection.2.3}{Gauge fixing terms}{section.2}% 7
\BOOKMARK [3][-]{subsubsection.2.3.1}{Gauge fixing terms for eigenstates 'GaugeES' }{subsection.2.3}% 8
\BOOKMARK [3][-]{subsubsection.2.3.2}{Gauge fixing terms for eigenstates 'EWSB' }{subsection.2.3}% 9
\BOOKMARK [2][-]{subsection.2.4}{Fields integrated out}{section.2}% 10
\BOOKMARK [1][-]{section.3}{Renormalization Group Equations}{}% 11
\BOOKMARK [2][-]{subsection.3.1}{Anomalous Dimensions}{section.3}% 12
\BOOKMARK [2][-]{subsection.3.2}{Gauge Couplings}{section.3}% 13
\BOOKMARK [2][-]{subsection.3.3}{Gaugino Mass Parameters}{section.3}% 14
\BOOKMARK [2][-]{subsection.3.4}{Trilinear Superpotential Parameters}{section.3}% 15
\BOOKMARK [2][-]{subsection.3.5}{Bilinear Superpotential Parameters}{section.3}% 16
\BOOKMARK [2][-]{subsection.3.6}{Linear Superpotential Parameters}{section.3}% 17
\BOOKMARK [2][-]{subsection.3.7}{Trilinear Soft-Breaking Parameters}{section.3}% 18
\BOOKMARK [2][-]{subsection.3.8}{Bilinear Soft-Breaking Parameters}{section.3}% 19
\BOOKMARK [2][-]{subsection.3.9}{Linear Soft-Breaking Parameters}{section.3}% 20
\BOOKMARK [2][-]{subsection.3.10}{Soft-Breaking Scalar Masses}{section.3}% 21
\BOOKMARK [2][-]{subsection.3.11}{Vacuum expectation values}{section.3}% 22
\BOOKMARK [1][-]{section.4}{Field Rotations}{}% 23
\BOOKMARK [2][-]{subsection.4.1}{Rotations in gauge sector for eigenstates 'EWSB' }{section.4}% 24
\BOOKMARK [2][-]{subsection.4.2}{Rotations in Mass sector for eigenstates 'EWSB' }{section.4}% 25
\BOOKMARK [3][-]{subsubsection.4.2.1}{Mass Matrices for Scalars}{subsection.4.2}% 26
\BOOKMARK [3][-]{subsubsection.4.2.2}{Mass Matrices for Fermions}{subsection.4.2}% 27
\BOOKMARK [1][-]{section.5}{Vacuum Expectation Values}{}% 28
\BOOKMARK [1][-]{section.6}{Tadpole Equations}{}% 29
\BOOKMARK [1][-]{section.7}{Particle content for eigenstates 'EWSB'}{}% 30
\BOOKMARK [1][-]{section.8}{One Loop Self-Energy and One Loop Tadpoles for eigenstates 'EWSB'}{}% 31
\BOOKMARK [2][-]{subsection.8.1}{One Loop Self-Energy}{section.8}% 32
\BOOKMARK [2][-]{subsection.8.2}{Tadpoles}{section.8}% 33
\BOOKMARK [1][-]{section.9}{Interactions for eigenstates 'EWSB'}{}% 34
\BOOKMARK [2][-]{subsection.9.1}{Three Scalar-Interaction}{section.9}% 35
\BOOKMARK [2][-]{subsection.9.2}{Two Scalar-One Vector Boson-Interaction}{section.9}% 36
\BOOKMARK [2][-]{subsection.9.3}{One Scalar-Two Vector Boson-Interaction}{section.9}% 37
\BOOKMARK [2][-]{subsection.9.4}{Two Fermion-One Vector Boson-Interaction}{section.9}% 38
\BOOKMARK [2][-]{subsection.9.5}{Two Fermion-One Scalar Boson-Interaction}{section.9}% 39
\BOOKMARK [2][-]{subsection.9.6}{Three Vector Boson-Interaction}{section.9}% 40
\BOOKMARK [2][-]{subsection.9.7}{Four Scalar-Interaction}{section.9}% 41
\BOOKMARK [2][-]{subsection.9.8}{Two Scalar-Two Vector Boson-Interaction}{section.9}% 42
\BOOKMARK [2][-]{subsection.9.9}{Four Vector Boson-Interaction}{section.9}% 43
\BOOKMARK [2][-]{subsection.9.10}{Two Ghosts-One Vector Boson-Interaction}{section.9}% 44
\BOOKMARK [2][-]{subsection.9.11}{Two Ghosts-One Scalar-Interaction}{section.9}% 45
\BOOKMARK [1][-]{section.10}{Clebsch-Gordan Coefficients}{}% 46
